# JRE version: Java(TM) SE Runtime Environment (9.0+11) (build 9.0.4+11)
# Java VM: Java HotSpot(TM) 64-Bit Server VM (9.0.4+11, mixed mode, tiered, compressed oops, g1 gc, windows-amd64)
Heap:
 garbage-first heap   total 157696K, used 58220K [0x0000000081600000, 0x00000000817004d0, 0x0000000100000000)
  region size 1024K, 50 young (51200K), 3 survivors (3072K)
 Metaspace       used 26135K, capacity 26590K, committed 27136K, reserved 1073152K
  class space    used 2812K, capacity 2951K, committed 3072K, reserved 1048576K
GC Heap History (10 events):
Event: 0.976 GC heap before
{Heap before GC invocations=0 (full 0):
 garbage-first heap   total 131072K, used 14336K [0x0000000081600000, 0x0000000081700400, 0x0000000100000000)
  region size 1024K, 14 young (14336K), 0 survivors (0K)
 Metaspace       used 10257K, capacity 10542K, committed 10880K, reserved 1058816K
  class space    used 981K, capacity 1072K, committed 1152K, reserved 1048576K
}
Event: 0.986 GC heap after
{Heap after GC invocations=1 (full 0):
 garbage-first heap   total 131072K, used 4787K [0x0000000081600000, 0x0000000081700400, 0x0000000100000000)
  region size 1024K, 2 young (2048K), 2 survivors (2048K)
 Metaspace       used 10257K, capacity 10542K, committed 10880K, reserved 1058816K
  class space    used 981K, capacity 1072K, committed 1152K, reserved 1048576K
}
Event: 1.242 GC heap before
{Heap before GC invocations=1 (full 0):
 garbage-first heap   total 131072K, used 10931K [0x0000000081600000, 0x0000000081700400, 0x0000000100000000)
  region size 1024K, 8 young (8192K), 2 survivors (2048K)
 Metaspace       used 12066K, capacity 12350K, committed 12672K, reserved 1060864K
  class space    used 1227K, capacity 1312K, committed 1408K, reserved 1048576K
}
Event: 1.250 GC heap after
{Heap after GC invocations=2 (full 0):
 garbage-first heap   total 131072K, used 6222K [0x0000000081600000, 0x0000000081700400, 0x0000000100000000)
  region size 1024K, 1 young (1024K), 1 survivors (1024K)
 Metaspace       used 12066K, capacity 12350K, committed 12672K, reserved 1060864K
  class space    used 1227K, capacity 1312K, committed 1408K, reserved 1048576K
}
Event: 1.814 GC heap before
{Heap before GC invocations=2 (full 0):
 garbage-first heap   total 131072K, used 27726K [0x0000000081600000, 0x0000000081700400, 0x0000000100000000)
  region size 1024K, 22 young (22528K), 1 survivors (1024K)
 Metaspace       used 13688K, capacity 14062K, committed 14464K, reserved 1062912K
  class space    used 1427K, capacity 1538K, committed 1664K, reserved 1048576K
}
Event: 1.819 GC heap after
{Heap after GC invocations=3 (full 0):
 garbage-first heap   total 131072K, used 8175K [0x0000000081600000, 0x0000000081700400, 0x0000000100000000)
  region size 1024K, 3 young (3072K), 3 survivors (3072K)
 Metaspace       used 13688K, capacity 14062K, committed 14464K, reserved 1062912K
  class space    used 1427K, capacity 1538K, committed 1664K, reserved 1048576K
}
Event: 3.926 GC heap before
{Heap before GC invocations=3 (full 0):
 garbage-first heap   total 131072K, used 52207K [0x0000000081600000, 0x0000000081700400, 0x0000000100000000)
  region size 1024K, 46 young (47104K), 3 survivors (3072K)
 Metaspace       used 19648K, capacity 20026K, committed 20224K, reserved 1067008K
  class space    used 2127K, capacity 2272K, committed 2304K, reserved 1048576K
}
Event: 3.947 GC heap after
{Heap after GC invocations=4 (full 0):
 garbage-first heap   total 131072K, used 13357K [0x0000000081600000, 0x0000000081700400, 0x0000000100000000)
  region size 1024K, 6 young (6144K), 6 survivors (6144K)
 Metaspace       used 19648K, capacity 20026K, committed 20224K, reserved 1067008K
  class space    used 2127K, capacity 2272K, committed 2304K, reserved 1048576K
}
Event: 5.642 GC heap before
{Heap before GC invocations=4 (full 0):
 garbage-first heap   total 131072K, used 28717K [0x0000000081600000, 0x0000000081700400, 0x0000000100000000)
  region size 1024K, 22 young (22528K), 6 survivors (6144K)
 Metaspace       used 20672K, capacity 21048K, committed 21296K, reserved 1069056K
  class space    used 2238K, capacity 2380K, committed 2432K, reserved 1048576K
}
Event: 5.663 GC heap after
{Heap after GC invocations=5 (full 0):
 garbage-first heap   total 157696K, used 13164K [0x0000000081600000, 0x00000000817004d0, 0x0000000100000000)
  region size 1024K, 3 young (3072K), 3 survivors (3072K)
 Metaspace       used 20672K, capacity 21048K, committed 21296K, reserved 1069056K
  class space    used 2238K, capacity 2380K, committed 2432K, reserved 1048576K
}

